<?xml version="1.0" encoding="UTF-8"?>
<!-- Generated by org.testng.reporters.JUnitReportReporter -->
<testsuite skipped="0" hostname="adikiprakash" name="com.rmgyantra.project.AddProject" tests="1" failures="0" timestamp="2020-06-12T21:02:25 IST" time="3.376" errors="0">
  <testcase name="addSingleProjectTest" time="3.376" classname="com.rmgyantra.project.AddProject"/>
  <system-out/>
</testsuite> <!-- com.rmgyantra.project.AddProject -->
