<?xml version="1.0" encoding="UTF-8"?>
<!-- Generated by org.testng.reporters.JUnitReportReporter -->
<testsuite skipped="0" hostname="adikiprakash" name="com.rmgyantra.project.AddProjectWithCompleted" tests="1" failures="0" timestamp="2020-06-12T21:02:36 IST" time="3.494" errors="0">
  <testcase name="addProjectONGoingStatusTest" time="3.494" classname="com.rmgyantra.project.AddProjectWithCompleted"/>
  <system-out/>
</testsuite> <!-- com.rmgyantra.project.AddProjectWithCompleted -->
